app/build/intermediates/manifest_merge_blame_file/debug/manifest-merger-blame-debug-report.txt
1<?xml version="1.0" encoding="utf-8"?>
2<manifest xmlns:android="http://schemas.android.com/apk/res/android"
3    package="com.masai.jiocinmea"
4    android:versionCode="1"
5    android:versionName="1.0" >
6
7    <uses-sdk
8        android:minSdkVersion="19"
8-->src\main\AndroidManifest.xml
9        android:targetSdkVersion="30" />
9-->src\main\AndroidManifest.xml
10
11    <uses-permission android:name="android.permission.INTERNET" />
11-->src\main\AndroidManifest.xml:5:5-67
11-->src\main\AndroidManifest.xml:5:22-64
12
13    <queries>
13-->[androidx.media:media:1.3.1] AndroidManifest.xml:24:5-28:15
14        <intent>
14-->[androidx.media:media:1.3.1] AndroidManifest.xml:25:9-27:18
15            <action android:name="android.media.browse.MediaBrowserService" />
15-->[androidx.media:media:1.3.1] AndroidManifest.xml:26:13-79
15-->[androidx.media:media:1.3.1] AndroidManifest.xml:26:21-76
16        </intent>
17    </queries>
18
19    <uses-permission android:name="android.permission.ACCESS_NETWORK_STATE" />
19-->[com.google.android.exoplayer:exoplayer-core:2.15.1] AndroidManifest.xml:24:5-79
19-->[com.google.android.exoplayer:exoplayer-core:2.15.1] AndroidManifest.xml:24:22-76
20
21    <application
21-->src\main\AndroidManifest.xml:7:5-27:19
22        android:name="androidx.multidex.MultiDexApplication"
23        android:allowBackup="true"
23-->src\main\AndroidManifest.xml:9:9-35
24        android:appComponentFactory="androidx.core.app.CoreComponentFactory"
24-->[androidx.core:core:1.5.0] AndroidManifest.xml:24:18-86
25        android:debuggable="true"
26        android:icon="@mipmap/ic_launcher"
26-->src\main\AndroidManifest.xml:10:9-43
27        android:label="@string/app_name"
27-->src\main\AndroidManifest.xml:11:9-41
28        android:roundIcon="@mipmap/ic_launcher_round"
28-->src\main\AndroidManifest.xml:12:9-54
29        android:supportsRtl="true"
29-->src\main\AndroidManifest.xml:13:9-35
30        android:testOnly="true"
31        android:theme="@style/Theme.JioCinmea"
31-->src\main\AndroidManifest.xml:14:9-47
32        android:usesCleartextTraffic="true" >
32-->src\main\AndroidManifest.xml:8:9-44
33        <activity
33-->src\main\AndroidManifest.xml:15:9-18:20
34            android:name="com.masai.jiocinmea.VideoPlayerActivity"
34-->src\main\AndroidManifest.xml:15:19-54
35            android:screenOrientation="landscape" >
35-->src\main\AndroidManifest.xml:16:13-50
36        </activity>
37        <activity android:name="com.masai.jiocinmea.MovieDetails" />
37-->src\main\AndroidManifest.xml:19:9-50
37-->src\main\AndroidManifest.xml:19:19-47
38        <activity android:name="com.masai.jiocinmea.MainActivity" >
38-->src\main\AndroidManifest.xml:20:9-26:20
38-->src\main\AndroidManifest.xml:20:19-47
39            <intent-filter>
39-->src\main\AndroidManifest.xml:21:13-25:29
40                <action android:name="android.intent.action.MAIN" />
40-->src\main\AndroidManifest.xml:22:17-69
40-->src\main\AndroidManifest.xml:22:25-66
41
42                <category android:name="android.intent.category.LAUNCHER" />
42-->src\main\AndroidManifest.xml:24:17-77
42-->src\main\AndroidManifest.xml:24:27-74
43            </intent-filter>
44        </activity>
45    </application>
46
47</manifest>